<?xml version="1.0" encoding="UTF-8"?>
<!-- Generated by org.testng.reporters.JUnitXMLReporter -->
<testsuite ignored="1" hostname="FWS-CHE-LT-9168" failures="0" tests="1" name="TestNG Testing practices" time="0.273" errors="0" timestamp="2025-08-07T07:16:40 IST">
  <testcase classname="Testcases.Testnglearn" name="testcase1" time="0.021"/>
  <testcase classname="Testcases.Testnglearn" name="testcase2" time="0.0">
    <ignored/>
  </testcase> <!-- testcase2 -->
</testsuite> <!-- TestNG Testing practices -->
