<?xml version="1.0" encoding="UTF-8"?>
<!-- Generated by org.testng.reporters.JUnitXMLReporter -->
<testsuite ignored="7" hostname="FWS-CHE-LT-9168" failures="0" tests="3" name="TestNG running in safari" time="0.044" errors="0" timestamp="2025-10-21T08:42:43 IST">
  <testcase classname="Testcases.Testnglearn" name="testcase8" time="0.007"/>
  <testcase classname="Testcases.Testnglearn" name="testcase7" time="0.011"/>
  <testcase classname="Testcases.Testnglearn" name="testcase7" time="0.009"/>
  <testcase classname="Testcases.Testnglearn" name="testcase1" time="0.0">
    <ignored/>
  </testcase> <!-- testcase1 -->
  <testcase classname="Testcases.Testnglearn" name="testcase6" time="0.0">
    <ignored/>
  </testcase> <!-- testcase6 -->
  <testcase classname="Testcases.Testnglearn" name="testcase7" time="0.0">
    <ignored/>
  </testcase> <!-- testcase7 -->
  <testcase classname="Testcases.Testnglearn" name="testcase2" time="0.0">
    <ignored/>
  </testcase> <!-- testcase2 -->
  <testcase classname="Testcases.Testnglearn" name="testcase4" time="0.0">
    <ignored/>
  </testcase> <!-- testcase4 -->
  <testcase classname="Testcases.Testnglearn" name="testcase3" time="0.0">
    <ignored/>
  </testcase> <!-- testcase3 -->
  <testcase classname="Testcases.Testnglearn" name="testcase5" time="0.0">
    <ignored/>
  </testcase> <!-- testcase5 -->
</testsuite> <!-- TestNG running in safari -->
