<?xml version="1.0" encoding="UTF-8"?>
<!-- Generated by org.testng.reporters.JUnitXMLReporter -->
<testsuite ignored="3" hostname="FWS-CHE-LT-9168" failures="1" tests="3" name="TestNG Testing practices" time="0.298" errors="0" timestamp="2025-08-20T08:48:46 IST">
  <testcase classname="Testcases.Testnglearn" name="testcase4" time="0.04"/>
  <testcase classname="Testcases.Testnglearn" name="testcase5" time="0.04">
    <failure type="java.lang.ArithmeticException" message="/ by zero">
      <![CDATA[java.lang.ArithmeticException: / by zero
at pages.Testnglearnings.checkException(Testnglearnings.java:13)
at Testcases.Testnglearn.testcase5(Testnglearn.java:69)
at java.base/java.util.concurrent.ThreadPoolExecutor.runWorker(ThreadPoolExecutor.java:1136)
at java.base/java.util.concurrent.ThreadPoolExecutor$Worker.run(ThreadPoolExecutor.java:635)
at java.base/java.lang.Thread.run(Thread.java:840)
... Removed 12 stack frames]]>
    </failure>
  </testcase> <!-- testcase5 -->
  <testcase classname="Testcases.Testnglearn" name="testcase6" time="0.006"/>
  <testcase classname="Testcases.Testnglearn" name="testcase1" time="0.0">
    <ignored/>
  </testcase> <!-- testcase1 -->
  <testcase classname="Testcases.Testnglearn" name="testcase2" time="0.0">
    <ignored/>
  </testcase> <!-- testcase2 -->
  <testcase classname="Testcases.Testnglearn" name="testcase3" time="0.0">
    <ignored/>
  </testcase> <!-- testcase3 -->
</testsuite> <!-- TestNG Testing practices -->
