<?xml version="1.0" encoding="UTF-8"?>
<!-- Generated by org.testng.reporters.JUnitXMLReporter -->
<testsuite ignored="3" hostname="HEISRONE" failures="2" tests="12" name="ChromeTest" time="15.955" errors="0" timestamp="2026-06-18T20:07:11 IST">
  <testcase classname="Testcases.HomepageTest" name="test_login" time="8.177">
    <failure type="org.openqa.selenium.ElementClickInterceptedException" message="element click intercepted: Element is not clickable at point (99, 660)
  (Session info: MicrosoftEdge=149.0.4022.69)
Build info: version: &amp;apos;4.27.0&amp;apos;, revision: &amp;apos;d6e718d134&amp;apos;
System info: os.name: &amp;apos;Windows 11&amp;apos;, os.arch: &amp;apos;amd64&amp;apos;, os.version: &amp;apos;10.0&amp;apos;, java.version: &amp;apos;21.0.9&amp;apos;
Driver info: org.openqa.selenium.edge.EdgeDriver
Command: [37eabc2fc30082794231b5a345181093, clickElement {id=f.B45E776B1744A490DE48EADDE7B67963.d.5971FD797303B570D5BFED48A0F639B4.e.596}]
Capabilities {acceptInsecureCerts: false, browserName: MicrosoftEdge, browserVersion: 149.0.4022.69, fedcm:accounts: true, goog:processID: 5416, ms:edgeOptions: {debuggerAddress: localhost:59388}, msedge: {msedgedriverVersion: 149.0.4022.69 (6c7df6d8a61d..., userDataDir: C:\Users\dyens\AppData\Loca...}, networkConnectionEnabled: false, pageLoadStrategy: normal, platformName: windows, proxy: Proxy(), se:cdp: ws://localhost:59388/devtoo..., se:cdpVersion: 149.0.4022.69, setWindowRect: true, strictFileInteractability: false, timeouts: {implicit: 0, pageLoad: 300000, script: 30000}, unhandledPromptBehavior: dismiss and notify, webauthn:extension:credBlob: true, webauthn:extension:largeBlob: true, webauthn:extension:minPinLength: true, webauthn:extension:prf: true, webauthn:virtualAuthenticators: true}
Element: [[EdgeDriver: MicrosoftEdge on windows (37eabc2fc30082794231b5a345181093)] -&amp;gt; xpath: //span[text()=&amp;apos;Select Menu&amp;apos;]]
Session ID: 37eabc2fc30082794231b5a345181093">
      <![CDATA[org.openqa.selenium.ElementClickInterceptedException: element click intercepted: Element is not clickable at point (99, 660)
  (Session info: MicrosoftEdge=149.0.4022.69)
Build info: version: '4.27.0', revision: 'd6e718d134'
System info: os.name: 'Windows 11', os.arch: 'amd64', os.version: '10.0', java.version: '21.0.9'
Driver info: org.openqa.selenium.edge.EdgeDriver
Command: [37eabc2fc30082794231b5a345181093, clickElement {id=f.B45E776B1744A490DE48EADDE7B67963.d.5971FD797303B570D5BFED48A0F639B4.e.596}]
Capabilities {acceptInsecureCerts: false, browserName: MicrosoftEdge, browserVersion: 149.0.4022.69, fedcm:accounts: true, goog:processID: 5416, ms:edgeOptions: {debuggerAddress: localhost:59388}, msedge: {msedgedriverVersion: 149.0.4022.69 (6c7df6d8a61d..., userDataDir: C:\Users\dyens\AppData\Loca...}, networkConnectionEnabled: false, pageLoadStrategy: normal, platformName: windows, proxy: Proxy(), se:cdp: ws://localhost:59388/devtoo..., se:cdpVersion: 149.0.4022.69, setWindowRect: true, strictFileInteractability: false, timeouts: {implicit: 0, pageLoad: 300000, script: 30000}, unhandledPromptBehavior: dismiss and notify, webauthn:extension:credBlob: true, webauthn:extension:largeBlob: true, webauthn:extension:minPinLength: true, webauthn:extension:prf: true, webauthn:virtualAuthenticators: true}
Element: [[EdgeDriver: MicrosoftEdge on windows (37eabc2fc30082794231b5a345181093)] -> xpath: //span[text()='Select Menu']]
Session ID: 37eabc2fc30082794231b5a345181093
at org.openqa.selenium.remote.ErrorCodec.decode(ErrorCodec.java:167)
at org.openqa.selenium.remote.codec.w3c.W3CHttpResponseCodec.decode(W3CHttpResponseCodec.java:138)
at org.openqa.selenium.remote.codec.w3c.W3CHttpResponseCodec.decode(W3CHttpResponseCodec.java:50)
at org.openqa.selenium.remote.HttpCommandExecutor.execute(HttpCommandExecutor.java:190)
at org.openqa.selenium.remote.service.DriverCommandExecutor.invokeExecute(DriverCommandExecutor.java:216)
at org.openqa.selenium.remote.service.DriverCommandExecutor.execute(DriverCommandExecutor.java:174)
at org.openqa.selenium.remote.RemoteWebDriver.execute(RemoteWebDriver.java:545)
at org.openqa.selenium.remote.RemoteWebElement.execute(RemoteWebElement.java:223)
at org.openqa.selenium.remote.RemoteWebElement.click(RemoteWebElement.java:76)
at utilities.Waitutils.click(Waitutils.java:31)
at base.BasePage.click(BasePage.java:31)
at pages.Homepage.selecthandling(Homepage.java:99)
at Testcases.HomepageTest.test_login(HomepageTest.java:82)
at java.base/java.util.ArrayList.forEach(ArrayList.java:1596)
... Removed 28 stack frames]]>
    </failure>
  </testcase> <!-- test_login -->
  <testcase classname="Testcases.HomepageTest" name="testlogin" time="0.034"/>
  <testcase classname="Testcases.HomepageTest" name="testlogin" time="0.021"/>
  <testcase classname="Testcases.Testnglearntest" name="testcase5" time="0.008">
    <failure type="java.lang.ArithmeticException" message="/ by zero">
      <![CDATA[java.lang.ArithmeticException: / by zero
at pages.Testnglearnings.checkException(Testnglearnings.java:13)
at Testcases.Testnglearntest.testcase5(Testnglearntest.java:81)
at java.base/java.util.ArrayList.forEach(ArrayList.java:1596)
... Removed 25 stack frames]]>
    </failure>
  </testcase> <!-- testcase5 -->
  <testcase classname="Testcases.Testnglearntest" name="testcase6" time="0.0">
    <skipped/>
  </testcase> <!-- testcase6 -->
  <testcase classname="Testcases.Testnglearntest" name="testcase1" time="0.046"/>
  <testcase classname="Testcases.Testnglearntest" name="testcase3" time="0.05"/>
  <testcase classname="Testcases.Testnglearntest" name="testcase4" time="0.006"/>
  <testcase classname="Testcases.Testnglearntest" name="testcase7" time="0.012"/>
  <testcase classname="Testcases.Testnglearntest" name="testcase7" time="0.006"/>
  <testcase classname="Testcases.Testnglearntest" name="testcase7" time="0.006"/>
  <testcase classname="Testcases.Testnglearntest" name="testcase8" time="0.013"/>
  <testcase classname="base.BaseTest" name="@BeforeSuite setupTest" time="0.0">
    <ignored/>
  </testcase> <!-- @BeforeSuite setupTest -->
  <testcase classname="Testcases.Testnglearntest" name="testcase2" time="0.0">
    <ignored/>
  </testcase> <!-- testcase2 -->
  <testcase classname="base.BaseTest" name="@AfterSuite teardown" time="0.0">
    <ignored/>
  </testcase> <!-- @AfterSuite teardown -->
</testsuite> <!-- ChromeTest -->
