<?xml version="1.0" encoding="UTF-8"?>
<!-- Generated by org.testng.reporters.JUnitXMLReporter -->
<testsuite ignored="3" hostname="HEISRONE" failures="1" tests="12" name="ChromeTest" time="25.552" errors="0" timestamp="2026-06-16T22:24:50 IST">
  <testcase classname="Testcases.HomepageTest" name="test_login" time="17.239"/>
  <testcase classname="Testcases.HomepageTest" name="testlogin" time="0.01"/>
  <testcase classname="Testcases.HomepageTest" name="testlogin" time="0.007"/>
  <testcase classname="Testcases.Testnglearntest" name="testcase5" time="0.016">
    <failure type="java.lang.ArithmeticException" message="/ by zero">
      <![CDATA[java.lang.ArithmeticException: / by zero
at pages.Testnglearnings.checkException(Testnglearnings.java:13)
at Testcases.Testnglearntest.testcase5(Testnglearntest.java:81)
at java.base/java.util.ArrayList.forEach(ArrayList.java:1596)
... Removed 25 stack frames]]>
    </failure>
  </testcase> <!-- testcase5 -->
  <testcase classname="Testcases.Testnglearntest" name="testcase6" time="0.0">
    <skipped/>
  </testcase> <!-- testcase6 -->
  <testcase classname="Testcases.Testnglearntest" name="testcase1" time="0.039"/>
  <testcase classname="Testcases.Testnglearntest" name="testcase3" time="0.022"/>
  <testcase classname="Testcases.Testnglearntest" name="testcase4" time="0.014"/>
  <testcase classname="Testcases.Testnglearntest" name="testcase7" time="0.017"/>
  <testcase classname="Testcases.Testnglearntest" name="testcase7" time="0.009"/>
  <testcase classname="Testcases.Testnglearntest" name="testcase7" time="0.009"/>
  <testcase classname="Testcases.Testnglearntest" name="testcase8" time="0.007"/>
  <testcase classname="base.BaseTest" name="@BeforeSuite setupTest" time="0.0">
    <ignored/>
  </testcase> <!-- @BeforeSuite setupTest -->
  <testcase classname="Testcases.Testnglearntest" name="testcase2" time="0.0">
    <ignored/>
  </testcase> <!-- testcase2 -->
  <testcase classname="base.BaseTest" name="@AfterSuite teardown" time="0.0">
    <ignored/>
  </testcase> <!-- @AfterSuite teardown -->
</testsuite> <!-- ChromeTest -->
