<?xml version="1.0" encoding="UTF-8"?>
<!-- Generated by org.testng.reporters.JUnitXMLReporter -->
<testsuite ignored="3" hostname="HEISRONE" failures="2" tests="12" name="EdgeTest" time="6.047" errors="0" timestamp="2026-06-16T15:25:42 IST">
  <testcase classname="Testcases.HomepageTest" name="test_login" time="2.451">
    <failure type="java.lang.NullPointerException" message="Cannot invoke &amp;quot;org.openqa.selenium.WebDriver.findElement(org.openqa.selenium.By)&amp;quot; because &amp;quot;this.driver&amp;quot; is null">
      <![CDATA[java.lang.NullPointerException: Cannot invoke "org.openqa.selenium.WebDriver.findElement(org.openqa.selenium.By)" because "this.driver" is null
at pages.Homepage.alerthandling(Homepage.java:28)
at Testcases.HomepageTest.test_login(HomepageTest.java:70)
at java.base/java.util.ArrayList.forEach(ArrayList.java:1596)
... Removed 25 stack frames]]>
    </failure>
  </testcase> <!-- test_login -->
  <testcase classname="Testcases.HomepageTest" name="testlogin" time="0.009"/>
  <testcase classname="Testcases.HomepageTest" name="testlogin" time="0.018"/>
  <testcase classname="Testcases.Testnglearntest" name="testcase5" time="0.006">
    <failure type="java.lang.ArithmeticException" message="/ by zero">
      <![CDATA[java.lang.ArithmeticException: / by zero
at pages.Testnglearnings.checkException(Testnglearnings.java:13)
at Testcases.Testnglearntest.testcase5(Testnglearntest.java:81)
at java.base/java.util.ArrayList.forEach(ArrayList.java:1596)
... Removed 25 stack frames]]>
    </failure>
  </testcase> <!-- testcase5 -->
  <testcase classname="Testcases.Testnglearntest" name="testcase6" time="0.0">
    <skipped/>
  </testcase> <!-- testcase6 -->
  <testcase classname="Testcases.Testnglearntest" name="testcase1" time="0.006"/>
  <testcase classname="Testcases.Testnglearntest" name="testcase3" time="0.009"/>
  <testcase classname="Testcases.Testnglearntest" name="testcase4" time="0.005"/>
  <testcase classname="Testcases.Testnglearntest" name="testcase7" time="0.005"/>
  <testcase classname="Testcases.Testnglearntest" name="testcase7" time="0.007"/>
  <testcase classname="Testcases.Testnglearntest" name="testcase7" time="0.007"/>
  <testcase classname="Testcases.Testnglearntest" name="testcase8" time="0.009"/>
  <testcase classname="base.BaseTest" name="@AfterTest teardown" time="0.0">
    <ignored/>
  </testcase> <!-- @AfterTest teardown -->
  <testcase classname="base.BaseTest" name="@BeforeTest setupTest" time="0.0">
    <ignored/>
  </testcase> <!-- @BeforeTest setupTest -->
  <testcase classname="Testcases.Testnglearntest" name="testcase2" time="0.0">
    <ignored/>
  </testcase> <!-- testcase2 -->
</testsuite> <!-- EdgeTest -->
