<?xml version="1.0" encoding="UTF-8"?>
<!-- Generated by org.testng.reporters.JUnitXMLReporter -->
<testsuite ignored="1" hostname="FWS-CHE-LT-9168" failures="3" tests="11" name="Test" time="98.522" errors="0" timestamp="2025-08-22T08:49:41 IST">
  <testcase classname="Testcases.Testnglearn" name="testcase5" time="0.043">
    <failure type="java.lang.ArithmeticException" message="/ by zero">
      <![CDATA[java.lang.ArithmeticException: / by zero
at pages.Testnglearnings.checkException(Testnglearnings.java:13)
at Testcases.Testnglearn.testcase5(Testnglearn.java:79)
at java.base/java.util.concurrent.ThreadPoolExecutor.runWorker(ThreadPoolExecutor.java:1136)
at java.base/java.util.concurrent.ThreadPoolExecutor$Worker.run(ThreadPoolExecutor.java:635)
at java.base/java.lang.Thread.run(Thread.java:840)
... Removed 12 stack frames]]>
    </failure>
  </testcase> <!-- testcase5 -->
  <testcase classname="Testcases.Testnglearn" name="testcase1" time="0.043"/>
  <testcase classname="Testcases.Testnglearn" name="testcase3" time="0.043"/>
  <testcase classname="Testcases.Testnglearn" name="testcase6" time="0.016"/>
  <testcase classname="Testcases.Testnglearn" name="testcase4" time="0.017"/>
  <testcase classname="Testcases.Testnglearn" name="testcase7" time="0.017"/>
  <testcase classname="Testcases.Testnglearn" name="testcase7" time="0.0">
    <failure type="org.testng.TestNGException" message="
Parameter &amp;apos;browser&amp;apos; is required by @Test on method testcase7 but has not been marked @Optional or defined
in /Users/aswdevaraj/Desktop/ASWIN/Code_interviewthings/Seleniumjavaworks/testng.xml">
      <![CDATA[org.testng.TestNGException: 
Parameter 'browser' is required by @Test on method testcase7 but has not been marked @Optional or defined
in /Users/aswdevaraj/Desktop/ASWIN/Code_interviewthings/Seleniumjavaworks/testng.xml
at java.base/java.util.concurrent.ThreadPoolExecutor.runWorker(ThreadPoolExecutor.java:1136)
at java.base/java.util.concurrent.ThreadPoolExecutor$Worker.run(ThreadPoolExecutor.java:635)
at java.base/java.lang.Thread.run(Thread.java:840)
... Removed 11 stack frames]]>
    </failure>
  </testcase> <!-- testcase7 -->
  <testcase classname="Testcases.Testnglearn" name="testcase8" time="0.022"/>
  <testcase classname="Testcases.Testnglearn" name="testcase7" time="0.003"/>
  <testcase classname="Testcases.HomepageTest" name="testlogin" time="0.0">
    <skipped/>
  </testcase> <!-- testlogin -->
  <testcase classname="Testcases.HomepageTest" name="test_login" time="57.235">
    <failure type="org.openqa.selenium.NoSuchElementException" message="no such element: Unable to locate element: {&amp;quot;method&amp;quot;:&amp;quot;xpath&amp;quot;,&amp;quot;selector&amp;quot;:&amp;quot;//*[contains(text(),&amp;apos;You hovered over the Button&amp;apos;)]&amp;quot;}
  (Session info: chrome=139.0.7258.128)
For documentation on this error, please visit: https://www.selenium.dev/documentation/webdriver/troubleshooting/errors#no-such-element-exception
Build info: version: &amp;apos;4.27.0&amp;apos;, revision: &amp;apos;d6e718d134&amp;apos;
System info: os.name: &amp;apos;Mac OS X&amp;apos;, os.arch: &amp;apos;x86_64&amp;apos;, os.version: &amp;apos;15.5&amp;apos;, java.version: &amp;apos;17.0.9&amp;apos;
Driver info: org.openqa.selenium.chrome.ChromeDriver
Command: [93982273217f54f5e3372102e423a976, findElement {using=xpath, value=//*[contains(text(),&amp;apos;You hovered over the Button&amp;apos;)]}]
Capabilities {acceptInsecureCerts: false, browserName: chrome, browserVersion: 139.0.7258.128, chrome: {chromedriverVersion: 139.0.7258.138 (884e54ea8d4..., userDataDir: /var/folders/lc/4dv25g9d00d...}, fedcm:accounts: true, goog:chromeOptions: {debuggerAddress: localhost:51237}, networkConnectionEnabled: false, pageLoadStrategy: normal, platformName: mac, proxy: Proxy(), se:cdp: ws://localhost:51237/devtoo..., se:cdpVersion: 139.0.7258.128, setWindowRect: true, strictFileInteractability: false, timeouts: {implicit: 0, pageLoad: 300000, script: 30000}, unhandledPromptBehavior: dismiss and notify, webauthn:extension:credBlob: true, webauthn:extension:largeBlob: true, webauthn:extension:minPinLength: true, webauthn:extension:prf: true, webauthn:virtualAuthenticators: true}
Session ID: 93982273217f54f5e3372102e423a976">
      <![CDATA[org.openqa.selenium.NoSuchElementException: no such element: Unable to locate element: {"method":"xpath","selector":"//*[contains(text(),'You hovered over the Button')]"}
  (Session info: chrome=139.0.7258.128)
For documentation on this error, please visit: https://www.selenium.dev/documentation/webdriver/troubleshooting/errors#no-such-element-exception
Build info: version: '4.27.0', revision: 'd6e718d134'
System info: os.name: 'Mac OS X', os.arch: 'x86_64', os.version: '15.5', java.version: '17.0.9'
Driver info: org.openqa.selenium.chrome.ChromeDriver
Command: [93982273217f54f5e3372102e423a976, findElement {using=xpath, value=//*[contains(text(),'You hovered over the Button')]}]
Capabilities {acceptInsecureCerts: false, browserName: chrome, browserVersion: 139.0.7258.128, chrome: {chromedriverVersion: 139.0.7258.138 (884e54ea8d4..., userDataDir: /var/folders/lc/4dv25g9d00d...}, fedcm:accounts: true, goog:chromeOptions: {debuggerAddress: localhost:51237}, networkConnectionEnabled: false, pageLoadStrategy: normal, platformName: mac, proxy: Proxy(), se:cdp: ws://localhost:51237/devtoo..., se:cdpVersion: 139.0.7258.128, setWindowRect: true, strictFileInteractability: false, timeouts: {implicit: 0, pageLoad: 300000, script: 30000}, unhandledPromptBehavior: dismiss and notify, webauthn:extension:credBlob: true, webauthn:extension:largeBlob: true, webauthn:extension:minPinLength: true, webauthn:extension:prf: true, webauthn:virtualAuthenticators: true}
Session ID: 93982273217f54f5e3372102e423a976
at org.openqa.selenium.remote.ErrorCodec.decode(ErrorCodec.java:167)
at org.openqa.selenium.remote.codec.w3c.W3CHttpResponseCodec.decode(W3CHttpResponseCodec.java:138)
at org.openqa.selenium.remote.codec.w3c.W3CHttpResponseCodec.decode(W3CHttpResponseCodec.java:50)
at org.openqa.selenium.remote.HttpCommandExecutor.execute(HttpCommandExecutor.java:190)
at org.openqa.selenium.remote.service.DriverCommandExecutor.invokeExecute(DriverCommandExecutor.java:216)
at org.openqa.selenium.remote.service.DriverCommandExecutor.execute(DriverCommandExecutor.java:174)
at org.openqa.selenium.remote.RemoteWebDriver.execute(RemoteWebDriver.java:545)
at org.openqa.selenium.remote.ElementLocation$ElementFinder$2.findElement(ElementLocation.java:165)
at org.openqa.selenium.remote.ElementLocation.findElement(ElementLocation.java:59)
at org.openqa.selenium.remote.RemoteWebDriver.findElement(RemoteWebDriver.java:368)
at org.openqa.selenium.remote.RemoteWebDriver.findElement(RemoteWebDriver.java:362)
at pages.Homepage.tooltipvalidations(Homepage.java:361)
at Testcases.HomepageTest.test_login(HomepageTest.java:96)
at java.base/java.util.concurrent.ThreadPoolExecutor.runWorker(ThreadPoolExecutor.java:1136)
at java.base/java.util.concurrent.ThreadPoolExecutor$Worker.run(ThreadPoolExecutor.java:635)
at java.base/java.lang.Thread.run(Thread.java:840)
... Removed 17 stack frames]]>
    </failure>
  </testcase> <!-- test_login -->
  <testcase classname="Testcases.Testnglearn" name="testcase2" time="0.0">
    <ignored/>
  </testcase> <!-- testcase2 -->
</testsuite> <!-- Test -->
