<?xml version="1.0" encoding="UTF-8"?>
<!-- Generated by org.testng.reporters.JUnitXMLReporter -->
<testsuite ignored="3" hostname="HEISRONE" failures="0" tests="10" name="Test" time="61.664" errors="0" timestamp="2026-06-14T22:02:51 IST">
  <testcase classname="Testcases.Testnglearn" name="testcase1" time="0.101"/>
  <testcase classname="Testcases.Testnglearn" name="testcase4" time="0.076"/>
  <testcase classname="Testcases.Testnglearn" name="testcase3" time="0.101"/>
  <testcase classname="Testcases.Testnglearn" name="testcase8" time="0.036"/>
  <testcase classname="Testcases.Testnglearn" name="testcase7" time="0.026"/>
  <testcase classname="Testcases.Testnglearn" name="testcase7" time="0.074"/>
  <testcase classname="Testcases.Testnglearn" name="testcase7" time="0.035"/>
  <testcase classname="Testcases.HomepageTest" name="testlogin" time="0.021"/>
  <testcase classname="Testcases.HomepageTest" name="testlogin" time="0.02"/>
  <testcase classname="Testcases.HomepageTest" name="test_login" time="29.237"/>
  <testcase classname="Testcases.Testnglearn" name="testcase5" time="0.0">
    <ignored/>
  </testcase> <!-- testcase5 -->
  <testcase classname="Testcases.Testnglearn" name="testcase2" time="0.0">
    <ignored/>
  </testcase> <!-- testcase2 -->
  <testcase classname="Testcases.Testnglearn" name="testcase6" time="0.0">
    <ignored/>
  </testcase> <!-- testcase6 -->
</testsuite> <!-- Test -->
