<?xml version="1.0" encoding="UTF-8"?>
<!-- Generated by org.testng.reporters.JUnitXMLReporter -->
<testsuite ignored="10" hostname="HEISRONE" failures="2" tests="3" name="ChromeTest(failed)" time="27.952" errors="0" timestamp="2026-06-15T16:25:01 IST">
  <testcase classname="Testcases.Testnglearntest" name="testcase5" time="0.334">
    <failure type="java.lang.ArithmeticException" message="/ by zero">
      <![CDATA[java.lang.ArithmeticException: / by zero
at pages.Testnglearnings.checkException(Testnglearnings.java:13)
at Testcases.Testnglearntest.testcase5(Testnglearntest.java:81)
at java.base/java.util.ArrayList.forEach(ArrayList.java:1596)
... Removed 25 stack frames]]>
    </failure>
  </testcase> <!-- testcase5 -->
  <testcase classname="Testcases.Testnglearntest" name="testcase6" time="0.0">
    <skipped/>
  </testcase> <!-- testcase6 -->
  <testcase classname="Testcases.HomepageTest" name="test_login" time="0.06">
    <failure type="java.lang.NullPointerException" message="Cannot invoke &amp;quot;org.openqa.selenium.WebDriver.get(String)&amp;quot; because &amp;quot;this.driver&amp;quot; is null">
      <![CDATA[java.lang.NullPointerException: Cannot invoke "org.openqa.selenium.WebDriver.get(String)" because "this.driver" is null
at Testcases.HomepageTest.test_login(HomepageTest.java:69)
at java.base/java.util.ArrayList.forEach(ArrayList.java:1596)
... Removed 25 stack frames]]>
    </failure>
  </testcase> <!-- test_login -->
  <testcase classname="Testcases.HomepageTest" name="testlogin" time="0.0">
    <ignored/>
  </testcase> <!-- testlogin -->
  <testcase classname="Testcases.Testnglearntest" name="testcase1" time="0.0">
    <ignored/>
  </testcase> <!-- testcase1 -->
  <testcase classname="Testcases.Testnglearntest" name="testcase7" time="0.0">
    <ignored/>
  </testcase> <!-- testcase7 -->
  <testcase classname="Testcases.Testnglearntest" name="testcase7" time="0.0">
    <ignored/>
  </testcase> <!-- testcase7 -->
  <testcase classname="base.BaseTest" name="@BeforeTest setupTest" time="0.0">
    <ignored/>
  </testcase> <!-- @BeforeTest setupTest -->
  <testcase classname="Testcases.Testnglearntest" name="testcase8" time="0.0">
    <ignored/>
  </testcase> <!-- testcase8 -->
  <testcase classname="Testcases.Testnglearntest" name="testcase3" time="0.0">
    <ignored/>
  </testcase> <!-- testcase3 -->
  <testcase classname="base.BaseTest" name="@AfterTest teardown" time="0.0">
    <ignored/>
  </testcase> <!-- @AfterTest teardown -->
  <testcase classname="Testcases.Testnglearntest" name="testcase2" time="0.0">
    <ignored/>
  </testcase> <!-- testcase2 -->
  <testcase classname="Testcases.Testnglearntest" name="testcase4" time="0.0">
    <ignored/>
  </testcase> <!-- testcase4 -->
</testsuite> <!-- ChromeTest(failed) -->
