<?xml version="1.0" encoding="UTF-8"?>
<testng-results ignored="14" total="20" passed="6" failed="0" skipped="0">
  <reporter-output>
  </reporter-output>
  <suite started-at="2025-10-21T08:42:43 IST" name="DemoTestNGSuite" finished-at="2025-10-21T08:42:43 IST" duration-ms="502">
    <groups>
      <group name="dataprovidercheck">
        <method signature="Testnglearn.testcase7(java.lang.Integer,java.lang.Integer)[pri:0, instance:Testcases.Testnglearn@39de3d36]" name="testcase7" class="Testcases.Testnglearn"/>
        <method signature="Testnglearn.testcase8(Testcases.Testdatacheck)[pri:0, instance:Testcases.Testnglearn@39de3d36]" name="testcase8" class="Testcases.Testnglearn"/>
        <method signature="Testnglearn.testcase7(java.lang.Integer,java.lang.Integer)[pri:0, instance:Testcases.Testnglearn@676cf48]" name="testcase7" class="Testcases.Testnglearn"/>
        <method signature="Testnglearn.testcase8(Testcases.Testdatacheck)[pri:0, instance:Testcases.Testnglearn@676cf48]" name="testcase8" class="Testcases.Testnglearn"/>
      </group> <!-- dataprovidercheck -->
    </groups>
    <test started-at="2025-10-21T08:42:43 IST" name="TestNG Testing practices" finished-at="2025-10-21T08:42:43 IST" duration-ms="327">
      <class name="Testcases.Testnglearn">
        <test-method signature="testcase7(java.lang.Integer,java.lang.Integer)[pri:0, instance:Testcases.Testnglearn@39de3d36]" started-at="2025-10-21T08:42:43 IST" name="testcase7" data-provider="testdata" finished-at="2025-10-21T08:42:43 IST" duration-ms="31" status="PASS">
          <params>
            <param index="0">
              <value>
                <![CDATA[2]]>
              </value>
            </param>
            <param index="1">
              <value>
                <![CDATA[3]]>
              </value>
            </param>
          </params>
          <reporter-output>
          </reporter-output>
        </test-method> <!-- testcase7 -->
        <test-method signature="testcase8(Testcases.Testdatacheck)[pri:0, instance:Testcases.Testnglearn@39de3d36]" started-at="2025-10-21T08:42:43 IST" name="testcase8" data-provider="testdata2" finished-at="2025-10-21T08:42:43 IST" duration-ms="31" status="PASS">
          <params>
            <param index="0">
              <value>
                <![CDATA[Testcases.Testdatacheck@201c4204]]>
              </value>
            </param>
          </params>
          <reporter-output>
          </reporter-output>
        </test-method> <!-- testcase8 -->
        <test-method signature="testcase7(java.lang.Integer,java.lang.Integer)[pri:0, instance:Testcases.Testnglearn@39de3d36]" started-at="2025-10-21T08:42:43 IST" name="testcase7" data-provider="testdata" finished-at="2025-10-21T08:42:43 IST" duration-ms="6" status="PASS">
          <params>
            <param index="0">
              <value>
                <![CDATA[4]]>
              </value>
            </param>
            <param index="1">
              <value>
                <![CDATA[5]]>
              </value>
            </param>
          </params>
          <reporter-output>
          </reporter-output>
        </test-method> <!-- testcase7 -->
      </class> <!-- Testcases.Testnglearn -->
    </test> <!-- TestNG Testing practices -->
    <test started-at="2025-10-21T08:42:43 IST" name="TestNG running in safari" finished-at="2025-10-21T08:42:43 IST" duration-ms="44">
      <class name="Testcases.Testnglearn">
        <test-method signature="testcase8(Testcases.Testdatacheck)[pri:0, instance:Testcases.Testnglearn@676cf48]" started-at="2025-10-21T08:42:43 IST" name="testcase8" data-provider="testdata2" finished-at="2025-10-21T08:42:43 IST" duration-ms="7" status="PASS">
          <params>
            <param index="0">
              <value>
                <![CDATA[Testcases.Testdatacheck@6c25a0e3]]>
              </value>
            </param>
          </params>
          <reporter-output>
          </reporter-output>
        </test-method> <!-- testcase8 -->
        <test-method signature="testcase7(java.lang.Integer,java.lang.Integer)[pri:0, instance:Testcases.Testnglearn@676cf48]" started-at="2025-10-21T08:42:43 IST" name="testcase7" data-provider="testdata" finished-at="2025-10-21T08:42:43 IST" duration-ms="11" status="PASS">
          <params>
            <param index="0">
              <value>
                <![CDATA[2]]>
              </value>
            </param>
            <param index="1">
              <value>
                <![CDATA[3]]>
              </value>
            </param>
          </params>
          <reporter-output>
          </reporter-output>
        </test-method> <!-- testcase7 -->
        <test-method signature="testcase7(java.lang.Integer,java.lang.Integer)[pri:0, instance:Testcases.Testnglearn@676cf48]" started-at="2025-10-21T08:42:43 IST" name="testcase7" data-provider="testdata" finished-at="2025-10-21T08:42:43 IST" duration-ms="9" status="PASS">
          <params>
            <param index="0">
              <value>
                <![CDATA[4]]>
              </value>
            </param>
            <param index="1">
              <value>
                <![CDATA[5]]>
              </value>
            </param>
          </params>
          <reporter-output>
          </reporter-output>
        </test-method> <!-- testcase7 -->
      </class> <!-- Testcases.Testnglearn -->
    </test> <!-- TestNG running in safari -->
  </suite> <!-- DemoTestNGSuite -->
</testng-results>
