<?xml version="1.0" encoding="UTF-8"?>
<!-- Generated by org.testng.reporters.JUnitReportReporter -->
<testsuite hostname="HEISRONE" failures="0" tests="3" name="Testcases.HomepageTest" time="17.256" errors="0" timestamp="2026-06-16T22:24:50 IST" skipped="0">
  <testcase classname="Testcases.HomepageTest" name="test_login" time="17.239"/>
  <testcase classname="Testcases.HomepageTest" name="testlogin" time="0.010"/>
  <testcase classname="Testcases.HomepageTest" name="testlogin" time="0.007"/>
</testsuite> <!-- Testcases.HomepageTest -->
